2023-09-20 13:32:20,043 - models.py[line:372] - INFO: Epoch: 1; Train Loss: 53224.8963720271; Train R2: -260.713562; Train RMSE: 230.705215; Train AIC: 13961.021268; Train AICc: 14481.960938; Valid Loss: 16220.1494140625; Valid R2: -85.73580304205302; Learning Rate: 0.1999531232347445
2023-09-20 13:32:20,271 - models.py[line:372] - INFO: Epoch: 2; Train Loss: 3159.179231986887; Train R2: -14.534084; Train RMSE: 56.206577; Train AIC: 11028.339223; Train AICc: 11079.633789; Valid Loss: 1058.606689453125; Valid R2: -4.66080494785049; Learning Rate: 0.1998125392006858
2023-09-20 13:32:20,490 - models.py[line:372] - INFO: Epoch: 3; Train Loss: 1284.4028292705646; Train R2: -5.315571; Train RMSE: 35.838570; Train AIC: 10107.041727; Train AICc: 10210.089844; Valid Loss: 808.4303588867188; Valid R2: -3.3230099030806928; Learning Rate: 0.1995783866372926
2023-09-20 13:32:20,700 - models.py[line:372] - INFO: Epoch: 4; Train Loss: 881.2966749703286; Train R2: -3.333447; Train RMSE: 29.686642; Train AIC: 9673.222925; Train AICc: 9832.434570; Valid Loss: 908.3067626953125; Valid R2: -3.8570896095048512; Learning Rate: 0.1992508966248754
2023-09-20 13:32:20,910 - models.py[line:372] - INFO: Epoch: 5; Train Loss: 435.6124140646605; Train R2: -1.141962; Train RMSE: 20.871330; Train AIC: 9052.395003; Train AICc: 9224.320312; Valid Loss: 202.76116943359375; Valid R2: -0.08424739324884634; Learning Rate: 0.1988303923565381
2023-09-20 13:32:21,140 - models.py[line:372] - INFO: Epoch: 6; Train Loss: 242.06705582130155; Train R2: -0.190274; Train RMSE: 15.558505; Train AIC: 8461.014397; Train AICc: 8633.129883; Valid Loss: 153.55459594726562; Valid R2: 0.17888039848810366; Learning Rate: 0.19831728881922545
2023-09-20 13:32:21,352 - models.py[line:372] - INFO: Epoch: 7; Train Loss: 231.8840725128864; Train R2: -0.140203; Train RMSE: 15.227740; Train AIC: 8545.682660; Train AICc: 8707.426758; Valid Loss: 85.1827392578125; Valid R2: 0.5444928432320136; Learning Rate: 0.19771209238418103
2023-09-20 13:32:21,569 - models.py[line:372] - INFO: Epoch: 8; Train Loss: 211.1982566510916; Train R2: -0.038489; Train RMSE: 14.532661; Train AIC: 8250.510554; Train AICc: 8404.363281; Valid Loss: 103.33414459228516; Valid R2: 0.4474298357059193; Learning Rate: 0.19701540030721995
2023-09-20 13:32:21,770 - models.py[line:372] - INFO: Epoch: 9; Train Loss: 196.08630548137714; Train R2: 0.035819; Train RMSE: 14.003081; Train AIC: 8325.898818; Train AICc: 8471.094727; Valid Loss: 95.75565338134766; Valid R2: 0.4879551458506164; Learning Rate: 0.1962279001393096
2023-09-20 13:32:21,998 - models.py[line:372] - INFO: Epoch: 10; Train Loss: 174.84214785715588; Train R2: 0.140279; Train RMSE: 13.222789; Train AIC: 8338.334250; Train AICc: 8476.338867; Valid Loss: 134.59222412109375; Valid R2: 0.280280032937381; Learning Rate: 0.1953503690480396
2023-09-20 13:32:22,198 - models.py[line:372] - INFO: Epoch: 11; Train Loss: 310.59491569946647; Train R2: -0.527234; Train RMSE: 17.623703; Train AIC: 8790.788038; Train AICc: 8914.615234; Valid Loss: 339.26751708984375; Valid R2: -0.8142030704853713; Learning Rate: 0.19438367305065143
2023-09-20 13:32:22,409 - models.py[line:372] - INFO: Epoch: 12; Train Loss: 216.74240646437323; Train R2: -0.065750; Train RMSE: 14.722174; Train AIC: 8492.885174; Train AICc: 8613.359375; Valid Loss: 71.39666748046875; Valid R2: 0.6182126162270234; Learning Rate: 0.19332876615938388
2023-09-20 13:32:22,613 - models.py[line:372] - INFO: Epoch: 13; Train Loss: 168.15374055185384; Train R2: 0.173167; Train RMSE: 12.967411; Train AIC: 8210.043718; Train AICc: 8324.115234; Valid Loss: 72.79510498046875; Valid R2: 0.6107346683714188; Learning Rate: 0.19218668943997821
2023-09-20 13:32:22,854 - models.py[line:372] - INFO: Epoch: 14; Train Loss: 152.97557522483984; Train R2: 0.247800; Train RMSE: 12.368329; Train AIC: 8218.132266; Train AICc: 8321.412109; Valid Loss: 106.27790832519531; Valid R2: 0.43168831295962984; Learning Rate: 0.19095856998427188
2023-09-20 13:32:23,058 - models.py[line:372] - INFO: Epoch: 15; Train Loss: 175.9368546822547; Train R2: 0.134896; Train RMSE: 13.264118; Train AIC: 8281.514005; Train AICc: 8383.687500; Valid Loss: 112.0969467163086; Valid R2: 0.40057151839404515; Learning Rate: 0.18964561979789496
2023-09-20 13:32:23,262 - models.py[line:372] - INFO: Epoch: 16; Train Loss: 163.8718187750382; Train R2: 0.194221; Train RMSE: 12.801243; Train AIC: 8202.510855; Train AICc: 8298.308594; Valid Loss: 113.03107452392578; Valid R2: 0.3955763254308323; Learning Rate: 0.18824913460416703
2023-09-20 13:32:23,462 - models.py[line:372] - INFO: Epoch: 17; Train Loss: 185.80073464092604; Train R2: 0.086394; Train RMSE: 13.630875; Train AIC: 8338.053380; Train AICc: 8438.328125; Valid Loss: 247.97593688964844; Valid R2: -0.3260292108547087; Learning Rate: 0.18677049256537465
2023-09-20 13:32:23,663 - models.py[line:372] - INFO: Epoch: 18; Train Loss: 289.6102629504959; Train R2: -0.424050; Train RMSE: 17.017939; Train AIC: 8676.060352; Train AICc: 8784.829102; Valid Loss: 87.75856018066406; Valid R2: 0.5307188716123574; Learning Rate: 0.18521115292269144
2023-09-20 13:32:23,875 - models.py[line:372] - INFO: Epoch: 19; Train Loss: 156.29419691747856; Train R2: 0.231482; Train RMSE: 12.501767; Train AIC: 8201.026820; Train AICc: 8290.479492; Valid Loss: 65.9646224975586; Valid R2: 0.6472600378239353; Learning Rate: 0.18357265455608338
2023-09-20 13:32:24,085 - models.py[line:372] - INFO: Epoch: 20; Train Loss: 162.14184448032137; Train R2: 0.202728; Train RMSE: 12.733493; Train AIC: 8253.110501; Train AICc: 8340.836914; Valid Loss: 116.16426849365234; Valid R2: 0.3788218381888312; Learning Rate: 0.18185661446562001
2023-09-20 13:32:24,299 - models.py[line:372] - INFO: Epoch: 21; Train Loss: 126.25911755407103; Train R2: 0.379168; Train RMSE: 11.236508; Train AIC: 8107.381083; Train AICc: 8197.222656; Valid Loss: 106.22653198242188; Valid R2: 0.43196305759603704; Learning Rate: 0.1800647261756906
2023-09-20 13:32:24,513 - models.py[line:372] - INFO: Epoch: 22; Train Loss: 161.26645289808366; Train R2: 0.207033; Train RMSE: 12.699073; Train AIC: 8274.093846; Train AICc: 8364.463867; Valid Loss: 182.3681640625; Valid R2: 0.024802380959056736; Learning Rate: 0.1781987580637
2023-09-20 13:32:24,718 - models.py[line:372] - INFO: Epoch: 23; Train Loss: 210.68069232951927; Train R2: -0.035944; Train RMSE: 14.514844; Train AIC: 8487.882492; Train AICc: 8583.417969; Valid Loss: 76.04544830322266; Valid R2: 0.5933536920266567; Learning Rate: 0.17626055161489368
2023-09-20 13:32:24,921 - models.py[line:372] - INFO: Epoch: 24; Train Loss: 108.84300289697937; Train R2: 0.464805; Train RMSE: 10.432785; Train AIC: 7991.889870; Train AICc: 8074.689453; Valid Loss: 80.46443939208984; Valid R2: 0.5697235503895586; Learning Rate: 0.17425201960503411
2023-09-20 13:32:25,153 - models.py[line:372] - INFO: Epoch: 25; Train Loss: 125.5121847507173; Train R2: 0.382841; Train RMSE: 11.203221; Train AIC: 8167.573239; Train AICc: 8239.428711; Valid Loss: 86.86378479003906; Valid R2: 0.5355036496004759; Learning Rate: 0.172175144212722
2023-09-20 13:32:25,354 - models.py[line:372] - INFO: Epoch: 26; Train Loss: 124.64645418750383; Train R2: 0.387098; Train RMSE: 11.164517; Train AIC: 8016.800397; Train AICc: 8101.466797; Valid Loss: 153.4575958251953; Valid R2: 0.17939910402508719; Learning Rate: 0.17003197506322543
2023-09-20 13:32:25,566 - models.py[line:372] - INFO: Epoch: 27; Train Loss: 148.9210553314599; Train R2: 0.267736; Train RMSE: 12.203321; Train AIC: 8240.945536; Train AICc: 8318.404297; Valid Loss: 73.23601531982422; Valid R2: 0.6083768606360815; Learning Rate: 0.16782462720574692
2023-09-20 13:32:25,782 - models.py[line:372] - INFO: Epoch: 28; Train Loss: 132.33256127161496; Train R2: 0.349304; Train RMSE: 11.503590; Train AIC: 8055.594834; Train AICc: 8131.426758; Valid Loss: 62.49782943725586; Valid R2: 0.6657984205681229; Learning Rate: 0.16555527902612555
2023-09-20 13:32:25,981 - models.py[line:372] - INFO: Epoch: 29; Train Loss: 109.84688798422424; Train R2: 0.459869; Train RMSE: 10.480786; Train AIC: 8017.969976; Train AICc: 8090.353516; Valid Loss: 66.54057312011719; Valid R2: 0.6441801647046974; Learning Rate: 0.16322617009703277
2023-09-20 13:32:26,190 - models.py[line:372] - INFO: Epoch: 30; Train Loss: 107.81456821858004; Train R2: 0.469862; Train RMSE: 10.383380; Train AIC: 8112.687036; Train AICc: 8181.594238; Valid Loss: 81.38787841796875; Valid R2: 0.5647855794465716; Learning Rate: 0.160839598967785
2023-09-20 13:32:26,427 - models.py[line:372] - INFO: Epoch: 31; Train Loss: 113.97390029892223; Train R2: 0.439576; Train RMSE: 10.675857; Train AIC: 7978.988092; Train AICc: 8050.901367; Valid Loss: 60.126129150390625; Valid R2: 0.6784808456716493; Learning Rate: 0.15839792089595245
2023-09-20 13:32:26,635 - models.py[line:372] - INFO: Epoch: 32; Train Loss: 151.24002495299632; Train R2: 0.256334; Train RMSE: 12.297968; Train AIC: 8270.654575; Train AICc: 8348.050781; Valid Loss: 310.99310302734375; Valid R2: -0.6630081059334763; Learning Rate: 0.15590354552300467
2023-09-20 13:32:26,839 - models.py[line:372] - INFO: Epoch: 33; Train Loss: 174.61223363735684; Train R2: 0.141409; Train RMSE: 13.214092; Train AIC: 8163.431434; Train AICc: 8233.959961; Valid Loss: 96.29373168945312; Valid R2: 0.4850777514384077; Learning Rate: 0.1533589344962853
2023-09-20 13:32:27,051 - models.py[line:372] - INFO: Epoch: 34; Train Loss: 147.25397160622927; Train R2: 0.275934; Train RMSE: 12.134825; Train AIC: 8198.451738; Train AICc: 8260.940430; Valid Loss: 110.34854125976562; Valid R2: 0.4099210003030752; Learning Rate: 0.15076659903966297
2023-09-20 13:32:27,266 - models.py[line:372] - INFO: Epoch: 35; Train Loss: 125.20695675650177; Train R2: 0.384342; Train RMSE: 11.189591; Train AIC: 7922.219715; Train AICc: 7972.490234; Valid Loss: 101.44457244873047; Valid R2: 0.4575341957654663; Learning Rate: 0.14812909747525696
2023-09-20 13:32:27,476 - models.py[line:372] - INFO: Epoch: 36; Train Loss: 112.74541785466167; Train R2: 0.445617; Train RMSE: 10.618164; Train AIC: 8070.331108; Train AICc: 8122.785156; Valid Loss: 78.00713348388672; Valid R2: 0.5828638181355195; Learning Rate: 0.14544903269868192
2023-09-20 13:32:27,694 - models.py[line:372] - INFO: Epoch: 37; Train Loss: 105.12088461306712; Train R2: 0.483107; Train RMSE: 10.252848; Train AIC: 7977.511392; Train AICc: 8034.049805; Valid Loss: 59.61117935180664; Valid R2: 0.6812345049382328; Learning Rate: 0.14272904961030417
2023-09-20 13:32:27,897 - models.py[line:372] - INFO: Epoch: 38; Train Loss: 126.97634020479965; Train R2: 0.375641; Train RMSE: 11.268378; Train AIC: 8003.818585; Train AICc: 8069.554199; Valid Loss: 105.76587677001953; Valid R2: 0.43442637294404896; Learning Rate: 0.13997183250504444
2023-09-20 13:32:28,106 - models.py[line:372] - INFO: Epoch: 39; Train Loss: 127.13181047617745; Train R2: 0.374877; Train RMSE: 11.275274; Train AIC: 8179.205029; Train AICc: 8243.291016; Valid Loss: 95.42915344238281; Valid R2: 0.4897010922710463; Learning Rate: 0.13718010242330272
2023-09-20 13:32:28,315 - models.py[line:372] - INFO: Epoch: 40; Train Loss: 105.38787358676906; Train R2: 0.481794; Train RMSE: 10.265861; Train AIC: 7900.797789; Train AICc: 7956.025391; Valid Loss: 61.78146743774414; Valid R2: 0.6696290728760871; Learning Rate: 0.13435661446562
2023-09-20 13:32:28,524 - models.py[line:372] - INFO: Epoch: 41; Train Loss: 100.2362086203246; Train R2: 0.507126; Train RMSE: 10.011804; Train AIC: 7928.865352; Train AICc: 7984.810059; Valid Loss: 63.68634796142578; Valid R2: 0.6594428906490957; Learning Rate: 0.1315041550737268
2023-09-20 13:32:28,754 - models.py[line:372] - INFO: Epoch: 42; Train Loss: 124.80666089503346; Train R2: 0.386310; Train RMSE: 11.171690; Train AIC: 7909.586563; Train AICc: 7965.202637; Valid Loss: 64.22315216064453; Valid R2: 0.6565723935097298; Learning Rate: 0.1286255392806612
2023-09-20 13:32:28,963 - models.py[line:372] - INFO: Epoch: 43; Train Loss: 116.8877098361065; Train R2: 0.425248; Train RMSE: 10.811462; Train AIC: 8156.439068; Train AICc: 8198.643555; Valid Loss: 76.52861785888672; Valid R2: 0.5907699898180083; Learning Rate: 0.12572360793267157
2023-09-20 13:32:29,174 - models.py[line:372] - INFO: Epoch: 44; Train Loss: 101.89738812817; Train R2: 0.498958; Train RMSE: 10.094423; Train AIC: 7834.156476; Train AICc: 7880.641113; Valid Loss: 58.374019622802734; Valid R2: 0.6878501181791532; Learning Rate: 0.12280122488564385
2023-09-20 13:32:29,391 - models.py[line:372] - INFO: Epoch: 45; Train Loss: 90.0370291200711; Train R2: 0.557276; Train RMSE: 9.488784; Train AIC: 7991.393215; Train AICc: 8037.457520; Valid Loss: 90.51697540283203; Valid R2: 0.5159685407384786; Learning Rate: 0.11986127417882193
2023-09-20 13:32:29,607 - models.py[line:372] - INFO: Epoch: 46; Train Loss: 100.41339038560055; Train R2: 0.506255; Train RMSE: 10.020648; Train AIC: 7979.952942; Train AICc: 8035.383301; Valid Loss: 88.17869567871094; Valid R2: 0.5284722575085903; Learning Rate: 0.11690665718860892
2023-09-20 13:32:29,824 - models.py[line:372] - INFO: Epoch: 47; Train Loss: 98.79763363338384; Train R2: 0.514199; Train RMSE: 9.939700; Train AIC: 7863.856345; Train AICc: 7906.115234; Valid Loss: 70.7202377319336; Valid R2: 0.6218298199262215; Learning Rate: 0.11394028976525886
2023-09-20 13:32:30,040 - models.py[line:372] - INFO: Epoch: 48; Train Loss: 106.28687985550572; Train R2: 0.477374; Train RMSE: 10.309553; Train AIC: 7852.071848; Train AICc: 7899.827637; Valid Loss: 83.62408447265625; Valid R2: 0.5528276161813015; Learning Rate: 0.11096509935528477
2023-09-20 13:32:30,257 - models.py[line:372] - INFO: Epoch: 49; Train Loss: 97.54217331247695; Train R2: 0.520373; Train RMSE: 9.876344; Train AIC: 7922.044657; Train AICc: 7965.706543; Valid Loss: 59.41697692871094; Valid R2: 0.6822729740325597; Learning Rate: 0.10798402211242218
2023-09-20 13:32:30,466 - models.py[line:372] - INFO: Epoch: 50; Train Loss: 101.5751858601528; Train R2: 0.500542; Train RMSE: 10.078451; Train AIC: 8060.637962; Train AICc: 8105.636719; Valid Loss: 58.753692626953125; Valid R2: 0.6858198363791117; Learning Rate: 0.105
2023-09-20 13:32:30,677 - models.py[line:372] - INFO: Epoch: 51; Train Loss: 88.95685929980132; Train R2: 0.562588; Train RMSE: 9.431694; Train AIC: 7803.892374; Train AICc: 7852.039062; Valid Loss: 72.99176025390625; Valid R2: 0.6096830626363987; Learning Rate: 0.10201597788757781
2023-09-20 13:32:30,886 - models.py[line:372] - INFO: Epoch: 52; Train Loss: 91.5857068927356; Train R2: 0.549662; Train RMSE: 9.570043; Train AIC: 7916.152640; Train AICc: 7960.069336; Valid Loss: 74.2554702758789; Valid R2: 0.6029254207733535; Learning Rate: 0.09903490064471522
2023-09-20 13:32:31,097 - models.py[line:372] - INFO: Epoch: 53; Train Loss: 90.47281644477957; Train R2: 0.555134; Train RMSE: 9.511721; Train AIC: 7862.668280; Train AICc: 7914.496094; Valid Loss: 59.76632308959961; Valid R2: 0.6804048831201079; Learning Rate: 0.09605971023474114
2023-09-20 13:32:31,330 - models.py[line:372] - INFO: Epoch: 54; Train Loss: 113.74042048121389; Train R2: 0.440724; Train RMSE: 10.664916; Train AIC: 7961.863929; Train AICc: 8001.842285; Valid Loss: 90.45677185058594; Valid R2: 0.5162904609238441; Learning Rate: 0.0930933428113911
2023-09-20 13:32:31,541 - models.py[line:372] - INFO: Epoch: 55; Train Loss: 111.10988419644366; Train R2: 0.453659; Train RMSE: 10.540867; Train AIC: 8025.943624; Train AICc: 8061.134277; Valid Loss: 77.26862335205078; Valid R2: 0.5868129365789414; Learning Rate: 0.09013872582117807
2023-09-20 13:32:31,749 - models.py[line:372] - INFO: Epoch: 56; Train Loss: 86.14473860148952; Train R2: 0.576415; Train RMSE: 9.281420; Train AIC: 7818.148401; Train AICc: 7851.343262; Valid Loss: 80.26081848144531; Valid R2: 0.5708123567758504; Learning Rate: 0.08719877511435616
2023-09-20 13:32:31,958 - models.py[line:372] - INFO: Epoch: 57; Train Loss: 83.56153916890642; Train R2: 0.589117; Train RMSE: 9.141200; Train AIC: 7933.840739; Train AICc: 7968.393066; Valid Loss: 60.20520782470703; Valid R2: 0.6780579549526916; Learning Rate: 0.08427639206732848
2023-09-20 13:32:32,156 - models.py[line:372] - INFO: Epoch: 58; Train Loss: 93.75849787769299; Train R2: 0.538978; Train RMSE: 9.682898; Train AIC: 7956.677159; Train AICc: 8006.012695; Valid Loss: 56.80854034423828; Valid R2: 0.6962213941682338; Learning Rate: 0.08137446071933878
2023-09-20 13:32:32,373 - models.py[line:372] - INFO: Epoch: 59; Train Loss: 84.16951143307907; Train R2: 0.586128; Train RMSE: 9.174395; Train AIC: 7659.506355; Train AICc: 7705.904785; Valid Loss: 63.98352813720703; Valid R2: 0.6578537731279901; Learning Rate: 0.07849584492627322
2023-09-20 13:32:32,581 - models.py[line:372] - INFO: Epoch: 60; Train Loss: 83.46180753229642; Train R2: 0.589608; Train RMSE: 9.135743; Train AIC: 8001.213293; Train AICc: 8037.266113; Valid Loss: 84.28466796875; Valid R2: 0.5492952116878795; Learning Rate: 0.07564338553438002
2023-09-20 13:32:32,772 - models.py[line:372] - INFO: Epoch: 61; Train Loss: 82.24670936036837; Train R2: 0.595583; Train RMSE: 9.068997; Train AIC: 7819.266106; Train AICc: 7836.215820; Valid Loss: 69.5539779663086; Valid R2: 0.6280662972084236; Learning Rate: 0.07281989757669731
2023-09-20 13:32:32,968 - models.py[line:372] - INFO: Epoch: 62; Train Loss: 76.59434956388371; Train R2: 0.623376; Train RMSE: 8.751820; Train AIC: 7880.165004; Train AICc: 7900.819824; Valid Loss: 63.728057861328125; Valid R2: 0.6592198666224178; Learning Rate: 0.07002816749495562
2023-09-20 13:32:33,164 - models.py[line:372] - INFO: Epoch: 63; Train Loss: 85.59963980255577; Train R2: 0.579096; Train RMSE: 9.252007; Train AIC: 7918.802712; Train AICc: 7941.971191; Valid Loss: 84.94625091552734; Valid R2: 0.5457574476410707; Learning Rate: 0.06727095038969583
2023-09-20 13:32:33,355 - models.py[line:372] - INFO: Epoch: 64; Train Loss: 80.00376093891636; Train R2: 0.606611; Train RMSE: 8.944482; Train AIC: 7952.476131; Train AICc: 7962.169922; Valid Loss: 60.436058044433594; Valid R2: 0.67682355400873; Learning Rate: 0.0645509673013181
2023-09-20 13:32:33,564 - models.py[line:372] - INFO: Epoch: 65; Train Loss: 81.69149709755926; Train R2: 0.598313; Train RMSE: 9.038335; Train AIC: 7823.419991; Train AICc: 7827.116211; Valid Loss: 65.54259490966797; Valid R2: 0.6495167740760612; Learning Rate: 0.06187090252474306
2023-09-20 13:32:33,762 - models.py[line:372] - INFO: Epoch: 66; Train Loss: 79.1986218717832; Train R2: 0.610570; Train RMSE: 8.899361; Train AIC: 7899.979531; Train AICc: 7910.054688; Valid Loss: 56.97547149658203; Valid R2: 0.6953287290016421; Learning Rate: 0.05923340096033704
2023-09-20 13:32:33,965 - models.py[line:372] - INFO: Epoch: 67; Train Loss: 81.75529712538217; Train R2: 0.597999; Train RMSE: 9.041863; Train AIC: 7777.022832; Train AICc: 7782.874512; Valid Loss: 57.339725494384766; Valid R2: 0.6933808957349517; Learning Rate: 0.05664106550371473
2023-09-20 13:32:34,161 - models.py[line:372] - INFO: Epoch: 68; Train Loss: 82.46545603704313; Train R2: 0.594507; Train RMSE: 9.081049; Train AIC: 7990.564174; Train AICc: 8002.395020; Valid Loss: 56.10493469238281; Valid R2: 0.6999838402062175; Learning Rate: 0.0540964544769953
2023-09-20 13:32:34,356 - models.py[line:372] - INFO: Epoch: 69; Train Loss: 83.91946518784545; Train R2: 0.587357; Train RMSE: 9.160757; Train AIC: 7729.841322; Train AICc: 7738.052734; Valid Loss: 67.12145233154297; Valid R2: 0.6410739552077269; Learning Rate: 0.051602079104047585
2023-09-20 13:32:34,552 - models.py[line:372] - INFO: Epoch: 70; Train Loss: 84.69693852877546; Train R2: 0.583534; Train RMSE: 9.203094; Train AIC: 7827.021467; Train AICc: 7830.333496; Valid Loss: 61.617919921875; Valid R2: 0.6705036589892874; Learning Rate: 0.04916040103221506
2023-09-20 13:32:34,748 - models.py[line:372] - INFO: Epoch: 71; Train Loss: 82.83835331364484; Train R2: 0.592673; Train RMSE: 9.101558; Train AIC: 7852.122858; Train AICc: 7856.897949; Valid Loss: 65.69595336914062; Valid R2: 0.6486967411673823; Learning Rate: 0.046773829902967225
2023-09-20 13:32:34,954 - models.py[line:372] - INFO: Epoch: 72; Train Loss: 86.94376494071008; Train R2: 0.572487; Train RMSE: 9.324365; Train AIC: 7855.757177; Train AICc: 7853.955566; Valid Loss: 54.91957092285156; Valid R2: 0.706322479354588; Learning Rate: 0.044444720973874474
2023-09-20 13:32:35,151 - models.py[line:372] - INFO: Epoch: 73; Train Loss: 79.1076745002319; Train R2: 0.611018; Train RMSE: 8.894249; Train AIC: 7833.470962; Train AICc: 7830.842285; Valid Loss: 62.09014892578125; Valid R2: 0.6679784767965583; Learning Rate: 0.04217537279425309
2023-09-20 13:32:35,346 - models.py[line:372] - INFO: Epoch: 74; Train Loss: 78.60035193939359; Train R2: 0.613512; Train RMSE: 8.865685; Train AIC: 7875.011732; Train AICc: 7876.430664; Valid Loss: 61.532127380371094; Valid R2: 0.6709623662596421; Learning Rate: 0.03996802493677457
2023-09-20 13:32:35,541 - models.py[line:372] - INFO: Epoch: 75; Train Loss: 84.85544790982497; Train R2: 0.582755; Train RMSE: 9.211701; Train AIC: 7887.519605; Train AICc: 7884.015137; Valid Loss: 57.13728713989258; Valid R2: 0.6944633974212744; Learning Rate: 0.03782485578727799
2023-09-20 13:32:35,741 - models.py[line:372] - INFO: Epoch: 76; Train Loss: 83.43752922725771; Train R2: 0.589727; Train RMSE: 9.134415; Train AIC: 7776.452078; Train AICc: 7783.814941; Valid Loss: 53.993927001953125; Valid R2: 0.7112722577638309; Learning Rate: 0.03574798039496593
2023-09-20 13:32:35,956 - models.py[line:372] - INFO: Epoch: 77; Train Loss: 69.3117297612343; Train R2: 0.659185; Train RMSE: 8.325367; Train AIC: 7895.764728; Train AICc: 7885.345215; Valid Loss: 55.96711349487305; Valid R2: 0.7007207948416154; Learning Rate: 0.03373944838510635
2023-09-20 13:32:36,167 - models.py[line:372] - INFO: Epoch: 78; Train Loss: 75.05269781842227; Train R2: 0.630956; Train RMSE: 8.663297; Train AIC: 7888.045288; Train AICc: 7877.713867; Valid Loss: 67.72161102294922; Valid R2: 0.6378646767380318; Learning Rate: 0.03180124193630003
2023-09-20 13:32:36,351 - models.py[line:372] - INFO: Epoch: 79; Train Loss: 79.0929253427211; Train R2: 0.611090; Train RMSE: 8.893420; Train AIC: 7905.915767; Train AICc: 7895.407227; Valid Loss: 54.79401779174805; Valid R2: 0.7069938785748837; Learning Rate: 0.02993527382430941
2023-09-20 13:32:36,547 - models.py[line:372] - INFO: Epoch: 80; Train Loss: 79.73330140090387; Train R2: 0.607941; Train RMSE: 8.929351; Train AIC: 7745.014770; Train AICc: 7727.072754; Valid Loss: 58.49235153198242; Valid R2: 0.6872173460367416; Learning Rate: 0.028143385534380005
2023-09-20 13:32:36,750 - models.py[line:372] - INFO: Epoch: 81; Train Loss: 72.91542165750599; Train R2: 0.641466; Train RMSE: 8.539052; Train AIC: 7842.318348; Train AICc: 7831.182617; Valid Loss: 61.90243148803711; Valid R2: 0.6689822475808507; Learning Rate: 0.026427345443916644
2023-09-20 13:32:36,937 - models.py[line:372] - INFO: Epoch: 82; Train Loss: 74.30762645980249; Train R2: 0.634620; Train RMSE: 8.620187; Train AIC: 7867.565861; Train AICc: 7851.155273; Valid Loss: 55.96773910522461; Valid R2: 0.7007174470306063; Learning Rate: 0.02478884707730859
2023-09-20 13:32:37,134 - models.py[line:372] - INFO: Epoch: 83; Train Loss: 79.60510497716793; Train R2: 0.608572; Train RMSE: 8.922169; Train AIC: 7985.154007; Train AICc: 7980.597656; Valid Loss: 54.356815338134766; Valid R2: 0.7093317377544466; Learning Rate: 0.023229507434625346
2023-09-20 13:32:37,335 - models.py[line:372] - INFO: Epoch: 84; Train Loss: 73.32105278382728; Train R2: 0.639471; Train RMSE: 8.562772; Train AIC: 7827.360827; Train AICc: 7828.529297; Valid Loss: 55.06166458129883; Valid R2: 0.705562633142124; Learning Rate: 0.021750865395832958
2023-09-20 13:32:37,524 - models.py[line:372] - INFO: Epoch: 85; Train Loss: 79.65762506895712; Train R2: 0.608313; Train RMSE: 8.925112; Train AIC: 7846.454029; Train AICc: 7839.033691; Valid Loss: 54.3789176940918; Valid R2: 0.7092135407952218; Learning Rate: 0.02035438020210506
2023-09-20 13:32:37,721 - models.py[line:372] - INFO: Epoch: 86; Train Loss: 76.62604246636525; Train R2: 0.623220; Train RMSE: 8.753631; Train AIC: 7844.739513; Train AICc: 7836.253418; Valid Loss: 56.557373046875; Valid R2: 0.6975644603845041; Learning Rate: 0.01904143001572816
2023-09-20 13:32:37,916 - models.py[line:372] - INFO: Epoch: 87; Train Loss: 78.77733062173999; Train R2: 0.612642; Train RMSE: 8.875659; Train AIC: 7839.260490; Train AICc: 7811.391602; Valid Loss: 58.56082534790039; Valid R2: 0.6868511899673415; Learning Rate: 0.017813310560021813
2023-09-20 13:32:38,109 - models.py[line:372] - INFO: Epoch: 88; Train Loss: 71.40267990097301; Train R2: 0.648904; Train RMSE: 8.450010; Train AIC: 7869.728104; Train AICc: 7847.576172; Valid Loss: 55.50752258300781; Valid R2: 0.7031784776530583; Learning Rate: 0.016671233840616122
2023-09-20 13:32:38,312 - models.py[line:372] - INFO: Epoch: 89; Train Loss: 81.36540958100716; Train R2: 0.599916; Train RMSE: 9.020278; Train AIC: 7887.983684; Train AICc: 7875.015137; Valid Loss: 58.60852813720703; Valid R2: 0.686596097908007; Learning Rate: 0.015616326949348582
2023-09-20 13:32:38,518 - models.py[line:372] - INFO: Epoch: 90; Train Loss: 69.55385704378111; Train R2: 0.657995; Train RMSE: 8.339895; Train AIC: 7855.934191; Train AICc: 7833.939453; Valid Loss: 54.849342346191406; Valid R2: 0.7066980030122479; Learning Rate: 0.014649630951960414
2023-09-20 13:32:38,701 - models.py[line:372] - INFO: Epoch: 91; Train Loss: 76.49430750769031; Train R2: 0.623868; Train RMSE: 8.746103; Train AIC: 7863.744469; Train AICc: 7843.791016; Valid Loss: 55.42140197753906; Valid R2: 0.7036389867718923; Learning Rate: 0.01377209986069042
2023-09-20 13:32:38,900 - models.py[line:372] - INFO: Epoch: 92; Train Loss: 80.00380138896091; Train R2: 0.606611; Train RMSE: 8.944484; Train AIC: 7842.761463; Train AICc: 7821.542969; Valid Loss: 62.970882415771484; Valid R2: 0.6632687751759554; Learning Rate: 0.012984599692780058
2023-09-20 13:32:39,094 - models.py[line:372] - INFO: Epoch: 93; Train Loss: 75.91969130524492; Train R2: 0.626693; Train RMSE: 8.713191; Train AIC: 7817.262397; Train AICc: 7797.499023; Valid Loss: 56.314178466796875; Valid R2: 0.6988649210953212; Learning Rate: 0.012287907615819004
2023-09-20 13:32:39,290 - models.py[line:372] - INFO: Epoch: 94; Train Loss: 69.90817701851724; Train R2: 0.656253; Train RMSE: 8.361112; Train AIC: 7952.519820; Train AICc: 7936.125977; Valid Loss: 56.61701965332031; Valid R2: 0.6972455260479569; Learning Rate: 0.01168271118077457
2023-09-20 13:32:39,499 - models.py[line:372] - INFO: Epoch: 95; Train Loss: 76.01274300934408; Train R2: 0.626236; Train RMSE: 8.718528; Train AIC: 7887.093024; Train AICc: 7867.931641; Valid Loss: 54.78632736206055; Valid R2: 0.7070349784441161; Learning Rate: 0.011169607643461922
2023-09-20 13:32:39,703 - models.py[line:372] - INFO: Epoch: 96; Train Loss: 70.61655876137162; Train R2: 0.652769; Train RMSE: 8.403366; Train AIC: 7810.578833; Train AICc: 7778.470703; Valid Loss: 55.918212890625; Valid R2: 0.7009822889761889; Learning Rate: 0.010749103375124613
2023-09-20 13:32:39,912 - models.py[line:372] - INFO: Epoch: 97; Train Loss: 76.56061271885035; Train R2: 0.623542; Train RMSE: 8.749892; Train AIC: 7758.936051; Train AICc: 7738.666504; Valid Loss: 56.877952575683594; Valid R2: 0.6958501796679152; Learning Rate: 0.0104216133627074
2023-09-20 13:32:40,103 - models.py[line:372] - INFO: Epoch: 98; Train Loss: 81.1540820329004; Train R2: 0.600955; Train RMSE: 9.008556; Train AIC: 7779.400498; Train AICc: 7748.245605; Valid Loss: 55.40421676635742; Valid R2: 0.7037308748918853; Learning Rate: 0.010187460799314202
2023-09-20 13:32:40,294 - models.py[line:372] - INFO: Epoch: 99; Train Loss: 75.27907932097699; Train R2: 0.629843; Train RMSE: 8.676352; Train AIC: 7823.792319; Train AICc: 7795.702637; Valid Loss: 55.295291900634766; Valid R2: 0.7043133168962491; Learning Rate: 0.010046876765255498
2023-09-20 13:32:40,484 - models.py[line:372] - INFO: Epoch: 100; Train Loss: 78.18957762216513; Train R2: 0.615532; Train RMSE: 8.842487; Train AIC: 7780.466354; Train AICc: 7752.412109; Valid Loss: 55.979923248291016; Valid R2: 0.7006523327819635; Learning Rate: 0.2
2023-09-20 13:32:43,137 - models.py[line:453] - INFO: Test Loss: 47.405555725097656; Test R2: 0.772425531590557
